-------------------------------------------------------------------------------
Test set: com.niit.testcases.SupplierDAOTestCase
-------------------------------------------------------------------------------
Tests run: 7, Failures: 0, Errors: 1, Skipped: 6, Time elapsed: 2.389 sec <<< FAILURE!
saveSupplierTestCase(com.niit.testcases.SupplierDAOTestCase)  Time elapsed: 0.152 sec  <<< ERROR!
org.springframework.dao.InvalidDataAccessResourceUsageException: could not prepare statement; SQL [insert into Supplier (address, name, id) values (?, ?, ?)]; nested exception is org.hibernate.exception.SQLGrammarException: could not prepare statement
	at org.springframework.orm.hibernate5.SessionFactoryUtils.convertHibernateAccessException(SessionFactoryUtils.java:230)
	at org.springframework.orm.hibernate5.HibernateTransactionManager.convertHibernateAccessException(HibernateTransactionManager.java:785)
	at org.springframework.orm.hibernate5.HibernateTransactionManager.doCommit(HibernateTransactionManager.java:621)
	at org.springframework.transaction.support.AbstractPlatformTransactionManager.processCommit(AbstractPlatformTransactionManager.java:746)
	at org.springframework.transaction.support.AbstractPlatformTransactionManager.commit(AbstractPlatformTransactionManager.java:714)
	at org.springframework.transaction.interceptor.TransactionAspectSupport.commitTransactionAfterReturning(TransactionAspectSupport.java:532)
	at org.springframework.transaction.interceptor.TransactionAspectSupport.invokeWithinTransaction(TransactionAspectSupport.java:304)
	at org.springframework.transaction.interceptor.TransactionInterceptor.invoke(TransactionInterceptor.java:98)
	at org.springframework.aop.framework.ReflectiveMethodInvocation.proceed(ReflectiveMethodInvocation.java:185)
	at org.springframework.aop.framework.JdkDynamicAopProxy.invoke(JdkDynamicAopProxy.java:212)
	at com.sun.proxy.$Proxy39.save(Unknown Source)
	at com.niit.testcases.SupplierDAOTestCase.saveSupplierTestCase(SupplierDAOTestCase.java:50)
	at sun.reflect.NativeMethodAccessorImpl.invoke0(Native Method)
	at sun.reflect.NativeMethodAccessorImpl.invoke(NativeMethodAccessorImpl.java:62)
	at sun.reflect.DelegatingMethodAccessorImpl.invoke(DelegatingMethodAccessorImpl.java:43)
	at java.lang.reflect.Method.invoke(Method.java:498)
	at org.junit.runners.model.FrameworkMethod$1.runReflectiveCall(FrameworkMethod.java:50)
	at org.junit.internal.runners.model.ReflectiveCallable.run(ReflectiveCallable.java:12)
	at org.junit.runners.model.FrameworkMethod.invokeExplosively(FrameworkMethod.java:47)
	at org.junit.internal.runners.statements.InvokeMethod.evaluate(InvokeMethod.java:17)
	at org.junit.runners.ParentRunner.runLeaf(ParentRunner.java:325)
	at org.junit.runners.BlockJUnit4ClassRunner.runChild(BlockJUnit4ClassRunner.java:78)
	at org.junit.runners.BlockJUnit4ClassRunner.runChild(BlockJUnit4ClassRunner.java:57)
	at org.junit.runners.ParentRunner$3.run(ParentRunner.java:290)
	at org.junit.runners.ParentRunner$1.schedule(ParentRunner.java:71)
	at org.junit.runners.ParentRunner.runChildren(ParentRunner.java:288)
	at org.junit.runners.ParentRunner.access$000(ParentRunner.java:58)
	at org.junit.runners.ParentRunner$2.evaluate(ParentRunner.java:268)
	at org.junit.internal.runners.statements.RunBefores.evaluate(RunBefores.java:26)
	at org.junit.runners.ParentRunner.run(ParentRunner.java:363)
	at org.apache.maven.surefire.junit4.JUnit4Provider.execute(JUnit4Provider.java:252)
	at org.apache.maven.surefire.junit4.JUnit4Provider.executeTestSet(JUnit4Provider.java:141)
	at org.apache.maven.surefire.junit4.JUnit4Provider.invoke(JUnit4Provider.java:112)
	at sun.reflect.NativeMethodAccessorImpl.invoke0(Native Method)
	at sun.reflect.NativeMethodAccessorImpl.invoke(NativeMethodAccessorImpl.java:62)
	at sun.reflect.DelegatingMethodAccessorImpl.invoke(DelegatingMethodAccessorImpl.java:43)
	at java.lang.reflect.Method.invoke(Method.java:498)
	at org.apache.maven.surefire.util.ReflectionUtils.invokeMethodWithArray(ReflectionUtils.java:189)
	at org.apache.maven.surefire.booter.ProviderFactory$ProviderProxy.invoke(ProviderFactory.java:165)
	at org.apache.maven.surefire.booter.ProviderFactory.invokeProvider(ProviderFactory.java:85)
	at org.apache.maven.surefire.booter.ForkedBooter.runSuitesInProcess(ForkedBooter.java:115)
	at org.apache.maven.surefire.booter.ForkedBooter.main(ForkedBooter.java:75)
Caused by: org.hibernate.exception.SQLGrammarException: could not prepare statement
	at org.hibernate.exception.internal.SQLStateConversionDelegate.convert(SQLStateConversionDelegate.java:106)
	at org.hibernate.exception.internal.StandardSQLExceptionConverter.convert(StandardSQLExceptionConverter.java:42)
	at org.hibernate.engine.jdbc.spi.SqlExceptionHelper.convert(SqlExceptionHelper.java:111)
	at org.hibernate.engine.jdbc.internal.StatementPreparerImpl$StatementPreparationTemplate.prepareStatement(StatementPreparerImpl.java:182)
	at org.hibernate.engine.jdbc.internal.StatementPreparerImpl.prepareStatement(StatementPreparerImpl.java:78)
	at org.hibernate.engine.jdbc.batch.internal.AbstractBatchImpl.buildBatchStatement(AbstractBatchImpl.java:136)
	at org.hibernate.engine.jdbc.batch.internal.AbstractBatchImpl.getBatchStatement(AbstractBatchImpl.java:125)
	at org.hibernate.persister.entity.AbstractEntityPersister.insert(AbstractEntityPersister.java:2994)
	at org.hibernate.persister.entity.AbstractEntityPersister.insert(AbstractEntityPersister.java:3513)
	at org.hibernate.action.internal.EntityInsertAction.execute(EntityInsertAction.java:89)
	at org.hibernate.engine.spi.ActionQueue.executeActions(ActionQueue.java:589)
	at org.hibernate.engine.spi.ActionQueue.executeActions(ActionQueue.java:463)
	at org.hibernate.event.internal.AbstractFlushingEventListener.performExecutions(AbstractFlushingEventListener.java:337)
	at org.hibernate.event.internal.DefaultFlushEventListener.onFlush(DefaultFlushEventListener.java:39)
	at org.hibernate.internal.SessionImpl.doFlush(SessionImpl.java:1437)
	at org.hibernate.internal.SessionImpl.managedFlush(SessionImpl.java:493)
	at org.hibernate.internal.SessionImpl.flushBeforeTransactionCompletion(SessionImpl.java:3207)
	at org.hibernate.internal.SessionImpl.beforeTransactionCompletion(SessionImpl.java:2413)
	at org.hibernate.engine.jdbc.internal.JdbcCoordinatorImpl.beforeTransactionCompletion(JdbcCoordinatorImpl.java:473)
	at org.hibernate.resource.transaction.backend.jdbc.internal.JdbcResourceLocalTransactionCoordinatorImpl.beforeCompletionCallback(JdbcResourceLocalTransactionCoordinatorImpl.java:156)
	at org.hibernate.resource.transaction.backend.jdbc.internal.JdbcResourceLocalTransactionCoordinatorImpl.access$100(JdbcResourceLocalTransactionCoordinatorImpl.java:38)
	at org.hibernate.resource.transaction.backend.jdbc.internal.JdbcResourceLocalTransactionCoordinatorImpl$TransactionDriverControlImpl.commit(JdbcResourceLocalTransactionCoordinatorImpl.java:231)
	at org.hibernate.engine.transaction.internal.TransactionImpl.commit(TransactionImpl.java:68)
	at org.springframework.orm.hibernate5.HibernateTransactionManager.doCommit(HibernateTransactionManager.java:609)
	... 39 more
Caused by: org.h2.jdbc.JdbcSQLException: Table "SUPPLIER" not found; SQL statement:
insert into Supplier (address, name, id) values (?, ?, ?) [42102-197]
	at org.h2.message.DbException.getJdbcSQLException(DbException.java:357)
	at org.h2.message.DbException.get(DbException.java:179)
	at org.h2.message.DbException.get(DbException.java:155)
	at org.h2.command.Parser.readTableOrView(Parser.java:5920)
	at org.h2.command.Parser.readTableOrView(Parser.java:5897)
	at org.h2.command.Parser.parseInsert(Parser.java:1220)
	at org.h2.command.Parser.parsePrepared(Parser.java:431)
	at org.h2.command.Parser.parse(Parser.java:335)
	at org.h2.command.Parser.parse(Parser.java:307)
	at org.h2.command.Parser.prepareCommand(Parser.java:278)
	at org.h2.engine.Session.prepareLocal(Session.java:611)
	at org.h2.server.TcpServerThread.process(TcpServerThread.java:271)
	at org.h2.server.TcpServerThread.run(TcpServerThread.java:165)
	at java.lang.Thread.run(Unknown Source)

	at org.h2.engine.SessionRemote.done(SessionRemote.java:623)
	at org.h2.command.CommandRemote.prepare(CommandRemote.java:85)
	at org.h2.command.CommandRemote.<init>(CommandRemote.java:51)
	at org.h2.engine.SessionRemote.prepareCommand(SessionRemote.java:493)
	at org.h2.jdbc.JdbcConnection.prepareCommand(JdbcConnection.java:1247)
	at org.h2.jdbc.JdbcPreparedStatement.<init>(JdbcPreparedStatement.java:76)
	at org.h2.jdbc.JdbcConnection.prepareStatement(JdbcConnection.java:304)
	at org.hibernate.engine.jdbc.internal.StatementPreparerImpl$1.doPrepare(StatementPreparerImpl.java:87)
	at org.hibernate.engine.jdbc.internal.StatementPreparerImpl$StatementPreparationTemplate.prepareStatement(StatementPreparerImpl.java:172)
	... 59 more

